<?xml version="1.0" encoding="UTF-8"?>
<testsuite xmlns:xsi="http://www.w3.org/2001/XMLSchema-instance" xsi:noNamespaceSchemaLocation="https://maven.apache.org/surefire/maven-surefire-plugin/xsd/surefire-test-report.xsd" version="3.0.2" name="es.atomsusej.tareaBackend.integration.repository.AsignaturaRepositoryIntegrationTest" time="2.466" tests="4" errors="0" skipped="0" failures="0" flakes="0">
  <properties>
[...]
</properties>
  <testcase name="deleteById_elimina_asignatura" classname="es.atomsusej.tareaBackend.integration.repository.AsignaturaRepositoryIntegrationTest" time="0.056">
    <system-out><![CDATA[2026-04-06T10:03:18.602+02:00  INFO 25816 --- [tareaBackend] [           main] t.c.s.AnnotationConfigContextLoaderUtils : Could not detect default configuration classes for test class [es.atomsusej.tareaBackend.integration.repository.AsignaturaRepositoryIntegrationTest]: AsignaturaRepositoryIntegrationTest does not declare any static, non-private, non-final, nested classes annotated with @Configuration.
2026-04-06T10:03:18.698+02:00  INFO 25816 --- [tareaBackend] [           main] .b.t.c.SpringBootTestContextBootstrapper : Found @SpringBootConfiguration es.atomsusej.tareaBackend.TareaBackendApplication for test class es.atomsusej.tareaBackend.integration.repository.AsignaturaRepositoryIntegrationTest

  .   ____          _            __ _ _
 /\\ / ___'_ __ _ _(_)_ __  __ _ \ \ \ \
( ( )\___ | '_ | '_| | '_ \/ _` | \ \ \ \
 \\/  ___)| |_)| | | | | || (_| |  ) ) ) )
  '  |____| .__|_| |_|_| |_\__, | / / / /
 =========|_|==============|___/=/_/_/_/

 :: Spring Boot ::               (v3.5.13)

2026-04-06T10:03:18.787+02:00  INFO 25816 --- [tareaBackend] [           main] .i.r.AsignaturaRepositoryIntegrationTest : Starting AsignaturaRepositoryIntegrationTest using Java 17.0.18 with PID 25816 (started by atoms in D:\DAM\DAM_2526\2\PDAUF\U04\prac\tareaBackend)
2026-04-06T10:03:18.788+02:00  INFO 25816 --- [tareaBackend] [           main] .i.r.AsignaturaRepositoryIntegrationTest : The following 1 profile is active: "test"
2026-04-06T10:03:19.192+02:00  INFO 25816 --- [tareaBackend] [           main] .s.d.r.c.RepositoryConfigurationDelegate : Bootstrapping Spring Data JPA repositories in DEFAULT mode.
2026-04-06T10:03:19.289+02:00  INFO 25816 --- [tareaBackend] [           main] .s.d.r.c.RepositoryConfigurationDelegate : Finished Spring Data repository scanning in 94 ms. Found 3 JPA repository interfaces.
2026-04-06T10:03:19.358+02:00  INFO 25816 --- [tareaBackend] [           main] beddedDataSourceBeanFactoryPostProcessor : Replacing 'dataSource' DataSource bean with embedded version
2026-04-06T10:03:19.485+02:00  INFO 25816 --- [tareaBackend] [           main] o.s.j.d.e.EmbeddedDatabaseFactory        : Starting embedded database: url='jdbc:h2:mem:4d9bcd41-ba85-4ecb-a19a-e148502e600a;DB_CLOSE_DELAY=-1;DB_CLOSE_ON_EXIT=false', username='sa'
2026-04-06T10:03:19.598+02:00  INFO 25816 --- [tareaBackend] [           main] o.hibernate.jpa.internal.util.LogHelper  : HHH000204: Processing PersistenceUnitInfo [name: default]
2026-04-06T10:03:19.607+02:00  INFO 25816 --- [tareaBackend] [           main] o.h.c.internal.RegionFactoryInitiator    : HHH000026: Second-level cache disabled
2026-04-06T10:03:19.654+02:00  INFO 25816 --- [tareaBackend] [           main] o.s.o.j.p.SpringPersistenceUnitInfo      : No LoadTimeWeaver setup: ignoring JPA class transformer
2026-04-06T10:03:19.659+02:00  WARN 25816 --- [tareaBackend] [           main] org.hibernate.orm.deprecation            : HHH90000025: H2Dialect does not need to be specified explicitly using 'hibernate.dialect' (remove the property setting and it will be selected by default)
2026-04-06T10:03:19.661+02:00  INFO 25816 --- [tareaBackend] [           main] org.hibernate.orm.connections.pooling    : HHH10001005: Database info:
	Database JDBC URL [Connecting through datasource 'org.springframework.jdbc.datasource.embedded.EmbeddedDatabaseFactory$EmbeddedDataSourceProxy@446717fb']
	Database driver: undefined/unknown
	Database version: 2.3.232
	Autocommit mode: undefined/unknown
	Isolation level: undefined/unknown
	Minimum pool size: undefined/unknown
	Maximum pool size: undefined/unknown
Hibernate: 
    create global temporary table HTE_asignatura(id_asignatura integer, id_profesor integer, rn_ integer not null, horario varchar(255), nombre_asignatura varchar(255), primary key (rn_)) TRANSACTIONAL
2026-04-06T10:03:19.860+02:00  INFO 25816 --- [tareaBackend] [           main] o.h.e.t.j.p.i.JtaPlatformInitiator       : HHH000489: No JTA platform available (set 'hibernate.transaction.jta.platform' to enable JTA platform integration)
Hibernate: 
    drop table if exists asignatura cascade 
Hibernate: 
    drop table if exists matricula cascade 
Hibernate: 
    drop table if exists persona cascade 
Hibernate: 
    drop sequence if exists asignatura_seq
Hibernate: 
    create sequence asignatura_seq start with 1 increment by 50
Hibernate: 
    create table asignatura (
        id_asignatura integer not null,
        id_profesor integer not null,
        horario varchar(255),
        nombre_asignatura varchar(255),
        primary key (id_asignatura)
    )
Hibernate: 
    create table matricula (
        id_alumno integer not null,
        id_asignatura integer not null,
        nota float(24),
        primary key (id_alumno, id_asignatura)
    )
Hibernate: 
    create table persona (
        edad integer,
        id_persona integer generated by default as identity,
        apellidos varchar(255),
        nombre varchar(255),
        primary key (id_persona)
    )
2026-04-06T10:03:19.878+02:00  INFO 25816 --- [tareaBackend] [           main] j.LocalContainerEntityManagerFactoryBean : Initialized JPA EntityManagerFactory for persistence unit 'default'
2026-04-06T10:03:20.433+02:00  INFO 25816 --- [tareaBackend] [           main] r$InitializeUserDetailsManagerConfigurer : Global AuthenticationManager configured with UserDetailsService bean with name userDetailsService
2026-04-06T10:03:20.607+02:00  INFO 25816 --- [tareaBackend] [           main] .i.r.AsignaturaRepositoryIntegrationTest : Started AsignaturaRepositoryIntegrationTest in 1.904 seconds (process running for 34.663)
Hibernate: 
    insert 
    into
        persona
        (apellidos, edad, nombre, id_persona) 
    values
        (?, ?, ?, default)
Hibernate: 
    insert 
    into
        persona
        (apellidos, edad, nombre, id_persona) 
    values
        (?, ?, ?, default)
Hibernate: 
    insert 
    into
        persona
        (apellidos, edad, nombre, id_persona) 
    values
        (?, ?, ?, default)
Hibernate: 
    insert 
    into
        persona
        (apellidos, edad, nombre, id_persona) 
    values
        (?, ?, ?, default)
Hibernate: 
    insert 
    into
        persona
        (apellidos, edad, nombre, id_persona) 
    values
        (?, ?, ?, default)
Hibernate: 
    select
        next value for asignatura_seq
Hibernate: 
    insert 
    into
        asignatura
        (horario, id_profesor, nombre_asignatura, id_asignatura) 
    values
        (?, ?, ?, ?)
Hibernate: 
    select
        next value for asignatura_seq
Hibernate: 
    insert 
    into
        asignatura
        (horario, id_profesor, nombre_asignatura, id_asignatura) 
    values
        (?, ?, ?, ?)
Hibernate: 
    insert 
    into
        asignatura
        (horario, id_profesor, nombre_asignatura, id_asignatura) 
    values
        (?, ?, ?, ?)
Hibernate: 
    insert 
    into
        asignatura
        (horario, id_profesor, nombre_asignatura, id_asignatura) 
    values
        (?, ?, ?, ?)
Hibernate: 
    insert 
    into
        asignatura
        (horario, id_profesor, nombre_asignatura, id_asignatura) 
    values
        (?, ?, ?, ?)
Hibernate: 
    select
        a1_0.id_asignatura,
        a1_0.horario,
        a1_0.id_profesor,
        a1_0.nombre_asignatura 
    from
        asignatura a1_0 
    where
        a1_0.id_asignatura=?
Hibernate: 
    select
        p1_0.id_persona,
        p1_0.apellidos,
        p1_0.edad,
        p1_0.nombre 
    from
        persona p1_0 
    where
        p1_0.id_persona=?
Hibernate: 
    select
        m1_0.id_alumno,
        m1_0.id_asignatura,
        m1_0.nota 
    from
        matricula m1_0 
    where
        (
            m1_0.id_alumno, m1_0.id_asignatura
        ) in ((?, ?))
Hibernate: 
    insert 
    into
        matricula
        (nota, id_alumno, id_asignatura) 
    values
        (?, ?, ?)
Hibernate: 
    select
        a1_0.id_asignatura,
        a1_0.horario,
        a1_0.id_profesor,
        a1_0.nombre_asignatura 
    from
        asignatura a1_0 
    where
        a1_0.id_asignatura=?
Hibernate: 
    select
        p1_0.id_persona,
        p1_0.apellidos,
        p1_0.edad,
        p1_0.nombre 
    from
        persona p1_0 
    where
        p1_0.id_persona=?
Hibernate: 
    select
        m1_0.id_alumno,
        m1_0.id_asignatura,
        m1_0.nota 
    from
        matricula m1_0 
    where
        (
            m1_0.id_alumno, m1_0.id_asignatura
        ) in ((?, ?))
Hibernate: 
    insert 
    into
        matricula
        (nota, id_alumno, id_asignatura) 
    values
        (?, ?, ?)
Hibernate: 
    select
        a1_0.id_asignatura,
        a1_0.horario,
        a1_0.id_profesor,
        a1_0.nombre_asignatura 
    from
        asignatura a1_0 
    where
        a1_0.id_asignatura=?
Hibernate: 
    select
        p1_0.id_persona,
        p1_0.apellidos,
        p1_0.edad,
        p1_0.nombre 
    from
        persona p1_0 
    where
        p1_0.id_persona=?
Hibernate: 
    select
        m1_0.id_alumno,
        m1_0.id_asignatura,
        m1_0.nota 
    from
        matricula m1_0 
    where
        (
            m1_0.id_alumno, m1_0.id_asignatura
        ) in ((?, ?))
Hibernate: 
    insert 
    into
        matricula
        (nota, id_alumno, id_asignatura) 
    values
        (?, ?, ?)
===== LISTA DE TODAS LAS MATRÍCULAS =====
Hibernate: 
    select
        m1_0.id_alumno,
        m1_0.id_asignatura,
        m1_0.nota 
    from
        matricula m1_0
Matricula(id=MatriculaId(id_asignatura=1, id_alumno=1), nota=7.5)
Matricula(id=MatriculaId(id_asignatura=2, id_alumno=2), nota=8.0)
Matricula(id=MatriculaId(id_asignatura=3, id_alumno=3), nota=6.0)
===== PROBANDO load(1, 1) =====
Hibernate: 
    select
        m1_0.id_alumno,
        m1_0.id_asignatura,
        m1_0.nota 
    from
        matricula m1_0 
    where
        (
            m1_0.id_alumno, m1_0.id_asignatura
        ) in ((?, ?))
Matrícula cargada: Matricula(id=MatriculaId(id_asignatura=1, id_alumno=1), nota=7.5)
===== PROBANDO remove(2, 2) =====
Hibernate: 
    select
        m1_0.id_alumno,
        m1_0.id_asignatura,
        m1_0.nota 
    from
        matricula m1_0 
    where
        (
            m1_0.id_alumno, m1_0.id_asignatura
        ) in ((?, ?))
Hibernate: 
    select
        m1_0.id_alumno,
        m1_0.id_asignatura,
        m1_0.nota 
    from
        matricula m1_0 
    where
        (
            m1_0.id_alumno, m1_0.id_asignatura
        ) in ((?, ?))
Hibernate: 
    delete 
    from
        matricula 
    where
        id_alumno=? 
        and id_asignatura=?
===== MATRÍCULAS DESPUÉS DE BORRAR UNA =====
Hibernate: 
    select
        m1_0.id_alumno,
        m1_0.id_asignatura,
        m1_0.nota 
    from
        matricula m1_0
Matricula(id=MatriculaId(id_asignatura=1, id_alumno=1), nota=7.5)
Matricula(id=MatriculaId(id_asignatura=3, id_alumno=3), nota=6.0)
Hibernate: 
    select
        a1_0.id_asignatura,
        a1_0.horario,
        a1_0.id_profesor,
        a1_0.nombre_asignatura 
    from
        asignatura a1_0
]]></system-out>
  </testcase>
  <testcase name="findById_devuelve_asignatura" classname="es.atomsusej.tareaBackend.integration.repository.AsignaturaRepositoryIntegrationTest" time="0.037">
    <system-out><![CDATA[Hibernate: 
    select
        a1_0.id_asignatura,
        a1_0.horario,
        a1_0.id_profesor,
        a1_0.nombre_asignatura 
    from
        asignatura a1_0
]]></system-out>
  </testcase>
  <testcase name="findAll_devuelve_lista" classname="es.atomsusej.tareaBackend.integration.repository.AsignaturaRepositoryIntegrationTest" time="0.036">
    <system-out><![CDATA[Hibernate: 
    select
        a1_0.id_asignatura,
        a1_0.horario,
        a1_0.id_profesor,
        a1_0.nombre_asignatura 
    from
        asignatura a1_0
Hibernate: 
    insert 
    into
        asignatura
        (horario, id_profesor, nombre_asignatura, id_asignatura) 
    values
        (?, ?, ?, ?)
Hibernate: 
    insert 
    into
        asignatura
        (horario, id_profesor, nombre_asignatura, id_asignatura) 
    values
        (?, ?, ?, ?)
Hibernate: 
    delete 
    from
        asignatura 
    where
        id_asignatura=?
Hibernate: 
    delete 
    from
        asignatura 
    where
        id_asignatura=?
Hibernate: 
    delete 
    from
        asignatura 
    where
        id_asignatura=?
Hibernate: 
    delete 
    from
        asignatura 
    where
        id_asignatura=?
Hibernate: 
    delete 
    from
        asignatura 
    where
        id_asignatura=?
Hibernate: 
    select
        a1_0.id_asignatura,
        a1_0.horario,
        a1_0.id_profesor,
        a1_0.nombre_asignatura 
    from
        asignatura a1_0
]]></system-out>
  </testcase>
  <testcase name="save_guarda_correctamente" classname="es.atomsusej.tareaBackend.integration.repository.AsignaturaRepositoryIntegrationTest" time="0.037">
    <system-out><![CDATA[Hibernate: 
    select
        a1_0.id_asignatura,
        a1_0.horario,
        a1_0.id_profesor,
        a1_0.nombre_asignatura 
    from
        asignatura a1_0
]]></system-out>
  </testcase>
</testsuite>